<?xml version="1.0" encoding="UTF-8"?>
<testng-results ignored="0" total="1" passed="1" failed="0" skipped="0">
  <reporter-output>
  </reporter-output>
  <suite started-at="2024-08-12T07:57:54 IST" name="Default suite" finished-at="2024-08-12T07:57:57 IST" duration-ms="2587">
    <groups>
    </groups>
    <test started-at="2024-08-12T07:57:54 IST" name="Default test" finished-at="2024-08-12T07:57:57 IST" duration-ms="2587">
      <class name="proleed_academy_exercises_8.proleed_academy_exercises_8">
        <test-method is-config="true" signature="beforeSuite()[pri:0, instance:proleed_academy_exercises_8.proleed_academy_exercises_8@6cb107fd]" started-at="2024-08-12T07:57:53 IST" name="beforeSuite" finished-at="2024-08-12T07:57:54 IST" duration-ms="1280" status="PASS">
          <reporter-output>
          </reporter-output>
        </test-method> <!-- beforeSuite -->
        <test-method is-config="true" signature="beforclass()[pri:0, instance:proleed_academy_exercises_8.proleed_academy_exercises_8@6cb107fd]" started-at="2024-08-12T07:57:54 IST" name="beforclass" finished-at="2024-08-12T07:57:56 IST" duration-ms="1256" status="PASS">
          <reporter-output>
          </reporter-output>
        </test-method> <!-- beforclass -->
        <test-method signature="f()[pri:0, instance:proleed_academy_exercises_8.proleed_academy_exercises_8@6cb107fd]" started-at="2024-08-12T07:57:56 IST" name="f" finished-at="2024-08-12T07:57:57 IST" duration-ms="1299" status="PASS">
          <reporter-output>
          </reporter-output>
        </test-method> <!-- f -->
        <test-method is-config="true" signature="afterSuite()[pri:0, instance:proleed_academy_exercises_8.proleed_academy_exercises_8@6cb107fd]" started-at="2024-08-12T07:57:57 IST" name="afterSuite" finished-at="2024-08-12T07:57:57 IST" duration-ms="1" status="PASS">
          <reporter-output>
          </reporter-output>
        </test-method> <!-- afterSuite -->
      </class> <!-- proleed_academy_exercises_8.proleed_academy_exercises_8 -->
    </test> <!-- Default test -->
  </suite> <!-- Default suite -->
</testng-results>
